1594045666608	mozrunner::runner	INFO	Running command: "/usr/bin/firefox" "-marionette" "-foreground" "-no-remote" "-profile" "/tmp/rust_mozprofile3zfMyi"
Gtk-Message: 19:57:46.709: Failed to load module "appmenu-gtk-module"
Gtk-Message: 19:57:48.591: Failed to load module "appmenu-gtk-module"
Gtk-Message: 19:57:48.812: Failed to load module "appmenu-gtk-module"
Gtk-Message: 19:57:50.084: Failed to load module "appmenu-gtk-module"
1594045670228	Marionette	INFO	Listening on port 41853
1594045670323	Marionette	WARN	TLS certificate errors will be ignored for this session
JavaScript error: https://static-exp1.licdn.com/sc/h/2zd9rf70wkhebnie0274p5f1k, line 1: Error: Could not lazy load JS with src https://static-exp1.licdn.com/sc/h/7eupwwmg7zlacqehnekxqqnv
1594046159451	Marionette	WARN	TimedPromise timed out after 500 ms: stacktrace:
TimedPromise/<@chrome://marionette/content/sync.js:245:13
TimedPromise@chrome://marionette/content/sync.js:230:10
interaction.flushEventLoop@chrome://marionette/content/interaction.js:416:10
webdriverClickElement@chrome://marionette/content/interaction.js:182:31
1594046160898	Marionette	WARN	TimedPromise timed out after 500 ms: stacktrace:
TimedPromise/<@chrome://marionette/content/sync.js:245:13
TimedPromise@chrome://marionette/content/sync.js:230:10
interaction.flushEventLoop@chrome://marionette/content/interaction.js:416:10
webdriverClickElement@chrome://marionette/content/interaction.js:182:31
1594046223519	Marionette	WARN	TimedPromise timed out after 500 ms: stacktrace:
TimedPromise/<@chrome://marionette/content/sync.js:245:13
TimedPromise@chrome://marionette/content/sync.js:230:10
interaction.flushEventLoop@chrome://marionette/content/interaction.js:416:10
webdriverClickElement@chrome://marionette/content/interaction.js:182:31
1594046295142	Marionette	WARN	TimedPromise timed out after 500 ms: stacktrace:
TimedPromise/<@chrome://marionette/content/sync.js:245:13
TimedPromise@chrome://marionette/content/sync.js:230:10
interaction.flushEventLoop@chrome://marionette/content/interaction.js:416:10
webdriverClickElement@chrome://marionette/content/interaction.js:182:31
1594046310951	Marionette	WARN	TimedPromise timed out after 500 ms: stacktrace:
TimedPromise/<@chrome://marionette/content/sync.js:245:13
TimedPromise@chrome://marionette/content/sync.js:230:10
interaction.flushEventLoop@chrome://marionette/content/interaction.js:416:10
webdriverClickElement@chrome://marionette/content/interaction.js:182:31
1594046696827	mozrunner::runner	INFO	Running command: "/usr/bin/firefox" "-marionette" "-foreground" "-no-remote" "-profile" "/tmp/rust_mozprofile55xv9M"
Gtk-Message: 20:14:56.982: Failed to load module "appmenu-gtk-module"
Gtk-Message: 20:14:58.800: Failed to load module "appmenu-gtk-module"
Gtk-Message: 20:14:58.985: Failed to load module "appmenu-gtk-module"
Gtk-Message: 20:15:00.170: Failed to load module "appmenu-gtk-module"
1594046700270	Marionette	INFO	Listening on port 41949
1594046700343	Marionette	WARN	TLS certificate errors will be ignored for this session
JavaScript error: https://static-exp1.licdn.com/sc/h/2zd9rf70wkhebnie0274p5f1k, line 1: Error: Could not lazy load JS with src https://static-exp1.licdn.com/sc/h/6wqqe9eoivbf520c8dusqryxk
JavaScript error: https://static-exp1.licdn.com/sc/h/2zd9rf70wkhebnie0274p5f1k, line 1: Error: Could not lazy load JS with src https://static-exp1.licdn.com/sc/h/7eupwwmg7zlacqehnekxqqnv
1594047092717	Marionette	WARN	TimedPromise timed out after 500 ms: stacktrace:
TimedPromise/<@chrome://marionette/content/sync.js:245:13
TimedPromise@chrome://marionette/content/sync.js:230:10
interaction.flushEventLoop@chrome://marionette/content/interaction.js:416:10
webdriverClickElement@chrome://marionette/content/interaction.js:182:31
Exiting due to channel error.
Exiting due to channel error.
Exiting due to channel error.
